0 info it worked if it ends with ok
1 verbose cli [ '/usr/local/bin/node',
1 verbose cli   '/usr/local/bin/npm',
1 verbose cli   'install',
1 verbose cli   '-g',
1 verbose cli   'ios-deploy' ]
2 info using npm@3.7.3
3 info using node@v5.9.0
4 silly loadCurrentTree Starting
5 silly install loadCurrentTree
6 silly install readGlobalPackageData
7 silly fetchPackageMetaData ios-deploy
8 silly fetchNamedPackageData ios-deploy
9 silly mapToRegistry name ios-deploy
10 silly mapToRegistry using default registry
11 silly mapToRegistry registry https://registry.npmjs.org/
12 silly mapToRegistry uri https://registry.npmjs.org/ios-deploy
13 verbose request uri https://registry.npmjs.org/ios-deploy
14 verbose request no auth needed
15 info attempt registry request try #1 at 17:21:23
16 verbose request id a207d9d3d6e4c985
17 http request GET https://registry.npmjs.org/ios-deploy
18 http 200 https://registry.npmjs.org/ios-deploy
19 verbose headers { server: 'CouchDB/1.5.0 (Erlang OTP/R16B03)',
19 verbose headers   etag: '"5ALDUQ1GLDBEYMDJK8RUMV18V"',
19 verbose headers   'content-type': 'application/json',
19 verbose headers   'cache-control': 'max-age=300',
19 verbose headers   'content-length': '37285',
19 verbose headers   'accept-ranges': 'bytes',
19 verbose headers   date: 'Wed, 11 May 2016 20:21:24 GMT',
19 verbose headers   via: '1.1 varnish',
19 verbose headers   age: '54',
19 verbose headers   connection: 'keep-alive',
19 verbose headers   'x-served-by': 'cache-lax1422-LAX',
19 verbose headers   'x-cache': 'HIT',
19 verbose headers   'x-cache-hits': '1',
19 verbose headers   'x-timer': 'S1462998084.163699,VS0,VE0',
19 verbose headers   vary: 'Accept-Encoding' }
20 silly get cb [ 200,
20 silly get   { server: 'CouchDB/1.5.0 (Erlang OTP/R16B03)',
20 silly get     etag: '"5ALDUQ1GLDBEYMDJK8RUMV18V"',
20 silly get     'content-type': 'application/json',
20 silly get     'cache-control': 'max-age=300',
20 silly get     'content-length': '37285',
20 silly get     'accept-ranges': 'bytes',
20 silly get     date: 'Wed, 11 May 2016 20:21:24 GMT',
20 silly get     via: '1.1 varnish',
20 silly get     age: '54',
20 silly get     connection: 'keep-alive',
20 silly get     'x-served-by': 'cache-lax1422-LAX',
20 silly get     'x-cache': 'HIT',
20 silly get     'x-cache-hits': '1',
20 silly get     'x-timer': 'S1462998084.163699,VS0,VE0',
20 silly get     vary: 'Accept-Encoding' } ]
21 verbose get saving ios-deploy to /Users/pillow/.npm/registry.npmjs.org/ios-deploy/.cache.json
22 verbose correctMkdir /Users/pillow/.npm correctMkdir not in flight; initializing
23 silly install normalizeTree
24 silly loadCurrentTree Finishing
25 silly loadIdealTree Starting
26 silly install loadIdealTree
27 silly cloneCurrentTree Starting
28 silly install cloneCurrentTreeToIdealTree
29 silly cloneCurrentTree Finishing
30 silly loadShrinkwrap Starting
31 silly install loadShrinkwrap
32 silly loadShrinkwrap Finishing
33 silly loadAllDepsIntoIdealTree Starting
34 silly install loadAllDepsIntoIdealTree
35 silly resolveWithNewModule ios-deploy@1.8.6 checking installable status
36 silly cache add args [ 'ios-deploy', null ]
37 verbose cache add spec ios-deploy
38 silly cache add parsed spec Result {
38 silly cache add   raw: 'ios-deploy',
38 silly cache add   scope: null,
38 silly cache add   name: 'ios-deploy',
38 silly cache add   rawSpec: '',
38 silly cache add   spec: 'latest',
38 silly cache add   type: 'tag' }
39 silly addNamed ios-deploy@latest
40 verbose addNamed "latest" is being treated as a dist-tag for ios-deploy
41 info addNameTag [ 'ios-deploy', 'latest' ]
42 silly mapToRegistry name ios-deploy
43 silly mapToRegistry using default registry
44 silly mapToRegistry registry https://registry.npmjs.org/
45 silly mapToRegistry uri https://registry.npmjs.org/ios-deploy
46 verbose addNameTag registry:https://registry.npmjs.org/ios-deploy not in flight; fetching
47 verbose get https://registry.npmjs.org/ios-deploy not expired, no request
48 silly addNameTag next cb for ios-deploy with tag latest
49 silly addNamed ios-deploy@1.8.6
50 verbose addNamed "1.8.6" is a plain semver version for ios-deploy
51 silly mapToRegistry name ios-deploy
52 silly mapToRegistry using default registry
53 silly mapToRegistry registry https://registry.npmjs.org/
54 silly mapToRegistry uri https://registry.npmjs.org/ios-deploy
55 verbose addRemoteTarball https://registry.npmjs.org/ios-deploy/-/ios-deploy-1.8.6.tgz not in flight; adding
56 verbose addRemoteTarball [ 'https://registry.npmjs.org/ios-deploy/-/ios-deploy-1.8.6.tgz',
56 verbose addRemoteTarball   'abb0b5132e7e6c89d1f521ba7c81c44eec54d4f5' ]
57 info retry fetch attempt 1 at 17:21:24
58 info attempt registry request try #1 at 17:21:24
59 http fetch GET https://registry.npmjs.org/ios-deploy/-/ios-deploy-1.8.6.tgz
60 http fetch 200 https://registry.npmjs.org/ios-deploy/-/ios-deploy-1.8.6.tgz
61 silly fetchAndShaCheck shasum abb0b5132e7e6c89d1f521ba7c81c44eec54d4f5
62 verbose addTmpTarball /tmp/npm-8825-2e7676b4/registry.npmjs.org/ios-deploy/-/ios-deploy-1.8.6.tgz not in flight; adding
63 verbose addTmpTarball already have metadata; skipping unpack for ios-deploy@1.8.6
64 verbose correctMkdir /Users/pillow/.npm correctMkdir not in flight; initializing
65 silly cache afterAdd ios-deploy@1.8.6
66 verbose afterAdd /Users/pillow/.npm/ios-deploy/1.8.6/package/package.json not in flight; writing
67 verbose correctMkdir /Users/pillow/.npm correctMkdir not in flight; initializing
68 verbose afterAdd /Users/pillow/.npm/ios-deploy/1.8.6/package/package.json written
69 silly loadAllDepsIntoIdealTree Finishing
70 silly idealTree:prePrune lib
70 silly idealTree:prePrune └── ios-deploy@1.8.6
71 silly loadIdealTree Finishing
72 silly currentTree lib
73 silly idealTree lib
73 silly idealTree └── ios-deploy@1.8.6
74 silly generateActionsToTake Starting
75 silly install generateActionsToTake
76 silly generateActionsToTake Finishing
77 silly diffTrees action count 1
78 silly diffTrees add ios-deploy@1.8.6
79 silly decomposeActions action count 8
80 silly decomposeActions fetch ios-deploy@1.8.6
81 silly decomposeActions extract ios-deploy@1.8.6
82 silly decomposeActions test ios-deploy@1.8.6
83 silly decomposeActions preinstall ios-deploy@1.8.6
84 silly decomposeActions build ios-deploy@1.8.6
85 silly decomposeActions install ios-deploy@1.8.6
86 silly decomposeActions postinstall ios-deploy@1.8.6
87 silly decomposeActions finalize ios-deploy@1.8.6
88 silly executeActions Starting
89 silly install executeActions
90 silly doSerial global-install 0
91 silly doParallel fetch 1
92 verbose correctMkdir /Users/pillow/.npm/_locks correctMkdir not in flight; initializing
93 verbose lock using /Users/pillow/.npm/_locks/staging-3a08f0df5026584d.lock for /usr/local/lib/node_modules/.staging
94 silly doParallel extract 1
95 silly extract ios-deploy@1.8.6
96 verbose unbuild lib/node_modules/.staging/ios-deploy-298c9491
97 silly gentlyRm /usr/local/lib/node_modules/.staging/ios-deploy-298c9491 is being purged from base /usr/local
98 verbose gentlyRm don't care about contents; nuking /usr/local/lib/node_modules/.staging/ios-deploy-298c9491
99 verbose tar unpack /Users/pillow/.npm/ios-deploy/1.8.6/package.tgz
100 verbose tar unpacking to /usr/local/lib/node_modules/.staging/ios-deploy-298c9491
101 silly gentlyRm /usr/local/lib/node_modules/.staging/ios-deploy-298c9491 is being purged
102 verbose gentlyRm don't care about contents; nuking /usr/local/lib/node_modules/.staging/ios-deploy-298c9491
103 silly gunzTarPerm modes [ '755', '644' ]
104 silly gunzTarPerm extractEntry package.json
105 silly gunzTarPerm extractEntry .npmignore
106 silly gunzTarPerm extractEntry README.md
107 silly gunzTarPerm extractEntry LICENSE
108 silly gunzTarPerm extractEntry CONTRIBUTING.md
109 silly gunzTarPerm extractEntry demo/.npmignore
110 silly gunzTarPerm extractEntry demo/Entitlements.plist
111 silly gunzTarPerm extractEntry demo/Info.plist
112 silly gunzTarPerm extractEntry demo/Makefile
113 silly gunzTarPerm extractEntry demo/ResourceRules.plist
114 silly gunzTarPerm extractEntry demo/demo.c
115 silly gunzTarPerm extractEntry ios-deploy.xcodeproj/project.pbxproj
116 silly gunzTarPerm extractEntry ios-deploy.xcodeproj/project.xcworkspace/xcuserdata/shaz.xcuserdatad/UserInterfaceState.xcuserstate
117 silly gunzTarPerm extractEntry ios-deploy.xcodeproj/xcshareddata/xcschemes/ios-deploy-tests.xcscheme
118 silly gunzTarPerm extractEntry ios-deploy.xcodeproj/xcuserdata/shaz.xcuserdatad/xcschemes/ios-deploy-lib.xcscheme
119 silly gunzTarPerm extractEntry ios-deploy.xcodeproj/xcuserdata/shaz.xcuserdatad/xcschemes/ios-deploy.xcscheme
120 silly gunzTarPerm extractEntry ios-deploy.xcodeproj/xcuserdata/shaz.xcuserdatad/xcschemes/xcschememanagement.plist
121 silly gunzTarPerm extractEntry src/ios-deploy/MobileDevice.h
122 silly gunzTarPerm extractEntry src/ios-deploy/errors.h
123 silly gunzTarPerm extractEntry src/ios-deploy/ios-deploy.m
124 silly gunzTarPerm extractEntry src/ios-deploy/version.h
125 silly gunzTarPerm extractEntry src/ios-deploy-lib/libios_deploy.h
126 silly gunzTarPerm extractEntry src/ios-deploy-lib/libios_deploy.m
127 silly gunzTarPerm extractEntry src/ios-deploy-tests/Info.plist
128 silly gunzTarPerm extractEntry src/ios-deploy-tests/ios_deploy_tests.m
129 silly gunzTarPerm extractEntry src/scripts/check_reqs.js
130 silly gunzTarPerm extractEntry src/scripts/lldb.py
131 silly gentlyRm /usr/local/lib/node_modules/.staging/ios-deploy-298c9491/node_modules is being purged
132 verbose gentlyRm don't care about contents; nuking /usr/local/lib/node_modules/.staging/ios-deploy-298c9491/node_modules
133 silly doParallel preinstall 1
134 silly preinstall ios-deploy@1.8.6 /usr/local/lib/node_modules/.staging/ios-deploy-298c9491
135 info lifecycle ios-deploy@1.8.6~preinstall: ios-deploy@1.8.6
136 warn lifecycle ios-deploy@1.8.6~preinstall: cannot run in wd %s %s (wd=%s) ios-deploy@1.8.6 ./src/scripts/check_reqs.js && xcodebuild /usr/local/lib/node_modules/.staging/ios-deploy-298c9491
137 silly doReverseSerial remove 0
138 silly doSerial move 0
139 silly doSerial finalize 1
140 silly finalize /usr/local/lib/node_modules/ios-deploy
141 silly doSerial build 1
142 silly build ios-deploy@1.8.6
143 info linkStuff ios-deploy@1.8.6
144 silly linkStuff ios-deploy@1.8.6 has /usr/local/lib/node_modules as its parent node_modules
145 silly linkStuff ios-deploy@1.8.6 is part of a global install
146 silly linkStuff ios-deploy@1.8.6 is installed into a global node_modules
147 silly linkStuff ios-deploy@1.8.6 is installed into the top-level global node_modules
148 verbose linkBins ios-deploy@1.8.6
149 verbose link bins [ { 'ios-deploy': './build/Release/ios-deploy' },
149 verbose link bins   '/usr/local/bin',
149 verbose link bins   true ]
150 verbose linkMans ios-deploy@1.8.6
151 verbose unlock done using /Users/pillow/.npm/_locks/staging-3a08f0df5026584d.lock for /usr/local/lib/node_modules/.staging
152 silly rollbackFailedOptional Starting
153 silly rollbackFailedOptional Finishing
154 silly runTopLevelLifecycles Starting
155 silly runTopLevelLifecycles Finishing
156 silly install printInstalled
157 verbose stack Error: ENOENT: no such file or directory, chmod '/usr/local/lib/node_modules/ios-deploy/build/Release/ios-deploy'
157 verbose stack     at Error (native)
158 verbose cwd /Users/pillow/Development/ionicLearning
159 error Darwin 15.3.0
160 error argv "/usr/local/bin/node" "/usr/local/bin/npm" "install" "-g" "ios-deploy"
161 error node v5.9.0
162 error npm  v3.7.3
163 error path /usr/local/lib/node_modules/ios-deploy/build/Release/ios-deploy
164 error code ENOENT
165 error errno -2
166 error syscall chmod
167 error enoent ENOENT: no such file or directory, chmod '/usr/local/lib/node_modules/ios-deploy/build/Release/ios-deploy'
168 error enoent ENOENT: no such file or directory, chmod '/usr/local/lib/node_modules/ios-deploy/build/Release/ios-deploy'
168 error enoent This is most likely not a problem with npm itself
168 error enoent and is related to npm not being able to find a file.
169 verbose exit [ -2, true ]
